This is pdfTeX, Version 3.14159265-2.6-1.40.18 (TeX Live 2017) (preloaded format=pdflatex 2017.5.23)  5 JUN 2018 00:00
entering extended mode
 restricted \write18 enabled.
 %&-line parsing enabled.
**Homework4.tex
(./Homework4.tex
LaTeX2e <2017-04-15>
Babel <3.10> and hyphenation patterns for 84 language(s) loaded.
(/usr/local/texlive/2017/texmf-dist/tex/latex/base/article.cls
Document Class: article 2014/09/29 v1.4h Standard LaTeX document class
(/usr/local/texlive/2017/texmf-dist/tex/latex/base/size10.clo
File: size10.clo 2014/09/29 v1.4h Standard LaTeX file (size option)
)
\c@part=\count79
\c@section=\count80
\c@subsection=\count81
\c@subsubsection=\count82
\c@paragraph=\count83
\c@subparagraph=\count84
\c@figure=\count85
\c@table=\count86
\abovecaptionskip=\skip41
\belowcaptionskip=\skip42
\bibindent=\dimen102
)
(/usr/local/texlive/2017/texmf-dist/tex/latex/geometry/geometry.sty
Package: geometry 2010/09/12 v5.6 Page Geometry

(/usr/local/texlive/2017/texmf-dist/tex/latex/graphics/keyval.sty
Package: keyval 2014/10/28 v1.15 key=value parser (DPC)
\KV@toks@=\toks14
)
(/usr/local/texlive/2017/texmf-dist/tex/generic/oberdiek/ifpdf.sty
Package: ifpdf 2017/03/15 v3.2 Provides the ifpdf switch
)
(/usr/local/texlive/2017/texmf-dist/tex/generic/oberdiek/ifvtex.sty
Package: ifvtex 2016/05/16 v1.6 Detect VTeX and its facilities (HO)
Package ifvtex Info: VTeX not detected.
)
(/usr/local/texlive/2017/texmf-dist/tex/generic/ifxetex/ifxetex.sty
Package: ifxetex 2010/09/12 v0.6 Provides ifxetex conditional
)
\Gm@cnth=\count87
\Gm@cntv=\count88
\c@Gm@tempcnt=\count89
\Gm@bindingoffset=\dimen103
\Gm@wd@mp=\dimen104
\Gm@odd@mp=\dimen105
\Gm@even@mp=\dimen106
\Gm@layoutwidth=\dimen107
\Gm@layoutheight=\dimen108
\Gm@layouthoffset=\dimen109
\Gm@layoutvoffset=\dimen110
\Gm@dimlist=\toks15
)
(/usr/local/texlive/2017/texmf-dist/tex/latex/lastpage/lastpage.sty
Package: lastpage 2015/03/29 v1.2m Refers to last page's name (HMM; JPG)
)
(/usr/local/texlive/2017/texmf-dist/tex/latex/graphics/graphicx.sty
Package: graphicx 2014/10/28 v1.0g Enhanced LaTeX Graphics (DPC,SPQR)

(/usr/local/texlive/2017/texmf-dist/tex/latex/graphics/graphics.sty
Package: graphics 2017/04/14 v1.1b Standard LaTeX Graphics (DPC,SPQR)

(/usr/local/texlive/2017/texmf-dist/tex/latex/graphics/trig.sty
Package: trig 2016/01/03 v1.10 sin cos tan (DPC)
)
(/usr/local/texlive/2017/texmf-dist/tex/latex/graphics-cfg/graphics.cfg
File: graphics.cfg 2016/06/04 v1.11 sample graphics configuration
)
Package graphics Info: Driver file: pdftex.def on input line 99.

(/usr/local/texlive/2017/texmf-dist/tex/latex/graphics-def/pdftex.def
File: pdftex.def 2017/01/12 v0.06k Graphics/color for pdfTeX

(/usr/local/texlive/2017/texmf-dist/tex/generic/oberdiek/infwarerr.sty
Package: infwarerr 2016/05/16 v1.4 Providing info/warning/error messages (HO)
)
(/usr/local/texlive/2017/texmf-dist/tex/generic/oberdiek/ltxcmds.sty
Package: ltxcmds 2016/05/16 v1.23 LaTeX kernel commands for general use (HO)
)
\Gread@gobject=\count90
))
\Gin@req@height=\dimen111
\Gin@req@width=\dimen112
)
(/usr/local/texlive/2017/texmf-dist/tex/latex/fancyhdr/fancyhdr.sty
Package: fancyhdr 2016/09/06 3.8 Extensive control of page headers and footers
\fancy@headwidth=\skip43
\f@ncyO@elh=\skip44
\f@ncyO@erh=\skip45
\f@ncyO@olh=\skip46
\f@ncyO@orh=\skip47
\f@ncyO@elf=\skip48
\f@ncyO@erf=\skip49
\f@ncyO@olf=\skip50
\f@ncyO@orf=\skip51
)
(/usr/local/texlive/2017/texmf-dist/tex/latex/enumitem/enumitem.sty
Package: enumitem 2011/09/28 v3.5.2 Customized lists
\labelindent=\skip52
\enit@outerparindent=\dimen113
\enit@toks=\toks16
\enit@inbox=\box26
\enitdp@description=\count91
)
(/usr/local/texlive/2017/texmf-dist/tex/latex/amsfonts/amssymb.sty
Package: amssymb 2013/01/14 v3.01 AMS font symbols

(/usr/local/texlive/2017/texmf-dist/tex/latex/amsfonts/amsfonts.sty
Package: amsfonts 2013/01/14 v3.01 Basic AMSFonts support
\@emptytoks=\toks17
\symAMSa=\mathgroup4
\symAMSb=\mathgroup5
LaTeX Font Info:    Overwriting math alphabet `\mathfrak' in version `bold'
(Font)                  U/euf/m/n --> U/euf/b/n on input line 106.
))
(/usr/local/texlive/2017/texmf-dist/tex/latex/amsmath/amsmath.sty
Package: amsmath 2016/11/05 v2.16a AMS math features
\@mathmargin=\skip53

For additional information on amsmath, use the `?' option.
(/usr/local/texlive/2017/texmf-dist/tex/latex/amsmath/amstext.sty
Package: amstext 2000/06/29 v2.01 AMS text

(/usr/local/texlive/2017/texmf-dist/tex/latex/amsmath/amsgen.sty
File: amsgen.sty 1999/11/30 v2.0 generic functions
\@emptytoks=\toks18
\ex@=\dimen114
))
(/usr/local/texlive/2017/texmf-dist/tex/latex/amsmath/amsbsy.sty
Package: amsbsy 1999/11/29 v1.2d Bold Symbols
\pmbraise@=\dimen115
)
(/usr/local/texlive/2017/texmf-dist/tex/latex/amsmath/amsopn.sty
Package: amsopn 2016/03/08 v2.02 operator names
)
\inf@bad=\count92
LaTeX Info: Redefining \frac on input line 213.
\uproot@=\count93
\leftroot@=\count94
LaTeX Info: Redefining \overline on input line 375.
\classnum@=\count95
\DOTSCASE@=\count96
LaTeX Info: Redefining \ldots on input line 472.
LaTeX Info: Redefining \dots on input line 475.
LaTeX Info: Redefining \cdots on input line 596.
\Mathstrutbox@=\box27
\strutbox@=\box28
\big@size=\dimen116
LaTeX Font Info:    Redeclaring font encoding OML on input line 712.
LaTeX Font Info:    Redeclaring font encoding OMS on input line 713.
\macc@depth=\count97
\c@MaxMatrixCols=\count98
\dotsspace@=\muskip10
\c@parentequation=\count99
\dspbrk@lvl=\count100
\tag@help=\toks19
\row@=\count101
\column@=\count102
\maxfields@=\count103
\andhelp@=\toks20
\eqnshift@=\dimen117
\alignsep@=\dimen118
\tagshift@=\dimen119
\tagwidth@=\dimen120
\totwidth@=\dimen121
\lineht@=\dimen122
\@envbody=\toks21
\multlinegap=\skip54
\multlinetaggap=\skip55
\mathdisplay@stack=\toks22
LaTeX Info: Redefining \[ on input line 2817.
LaTeX Info: Redefining \] on input line 2818.
)
(./Homework4.aux)
\openout1 = `Homework4.aux'.

LaTeX Font Info:    Checking defaults for OML/cmm/m/it on input line 33.
LaTeX Font Info:    ... okay on input line 33.
LaTeX Font Info:    Checking defaults for T1/cmr/m/n on input line 33.
LaTeX Font Info:    ... okay on input line 33.
LaTeX Font Info:    Checking defaults for OT1/cmr/m/n on input line 33.
LaTeX Font Info:    ... okay on input line 33.
LaTeX Font Info:    Checking defaults for OMS/cmsy/m/n on input line 33.
LaTeX Font Info:    ... okay on input line 33.
LaTeX Font Info:    Checking defaults for OMX/cmex/m/n on input line 33.
LaTeX Font Info:    ... okay on input line 33.
LaTeX Font Info:    Checking defaults for U/cmr/m/n on input line 33.
LaTeX Font Info:    ... okay on input line 33.

*geometry* driver: auto-detecting
*geometry* detected driver: pdftex
*geometry* verbose mode - [ preamble ] result:
* driver: pdftex
* paper: letterpaper
* layout: <same size as paper>
* layoutoffset:(h,v)=(0.0pt,0.0pt)
* modes: 
* h-part:(L,W,R)=(72.26999pt, 469.75502pt, 72.26999pt)
* v-part:(T,H,B)=(72.26999pt, 650.43001pt, 72.26999pt)
* \paperwidth=614.295pt
* \paperheight=794.96999pt
* \textwidth=469.75502pt
* \textheight=650.43001pt
* \oddsidemargin=0.0pt
* \evensidemargin=0.0pt
* \topmargin=-37.0pt
* \headheight=12.0pt
* \headsep=25.0pt
* \topskip=10.0pt
* \footskip=30.0pt
* \marginparwidth=65.0pt
* \marginparsep=11.0pt
* \columnsep=10.0pt
* \skip\footins=9.0pt plus 4.0pt minus 2.0pt
* \hoffset=0.0pt
* \voffset=0.0pt
* \mag=1000
* \@twocolumnfalse
* \@twosidefalse
* \@mparswitchfalse
* \@reversemarginfalse
* (1in=72.27pt=25.4mm, 1cm=28.453pt)

Package lastpage Info: Please have a look at the pageslts package at
(lastpage)             https://www.ctan.org/pkg/pageslts
(lastpage)             ! on input line 33.
(/usr/local/texlive/2017/texmf-dist/tex/context/base/mkii/supp-pdf.mkii
[Loading MPS to PDF converter (version 2006.09.02).]
\scratchcounter=\count104
\scratchdimen=\dimen123
\scratchbox=\box29
\nofMPsegments=\count105
\nofMParguments=\count106
\everyMPshowfont=\toks23
\MPscratchCnt=\count107
\MPscratchDim=\dimen124
\MPnumerator=\count108
\makeMPintoPDFobject=\count109
\everyMPtoPDFconversion=\toks24
) (/usr/local/texlive/2017/texmf-dist/tex/generic/oberdiek/pdftexcmds.sty
Package: pdftexcmds 2017/03/19 v0.25 Utility functions of pdfTeX for LuaTeX (HO
)

(/usr/local/texlive/2017/texmf-dist/tex/generic/oberdiek/ifluatex.sty
Package: ifluatex 2016/05/16 v1.4 Provides the ifluatex switch (HO)
Package ifluatex Info: LuaTeX not detected.
)
Package pdftexcmds Info: LuaTeX not detected.
Package pdftexcmds Info: \pdf@primitive is available.
Package pdftexcmds Info: \pdf@ifprimitive is available.
Package pdftexcmds Info: \pdfdraftmode found.
)
(/usr/local/texlive/2017/texmf-dist/tex/latex/oberdiek/epstopdf-base.sty
Package: epstopdf-base 2016/05/15 v2.6 Base part for package epstopdf

(/usr/local/texlive/2017/texmf-dist/tex/latex/oberdiek/grfext.sty
Package: grfext 2016/05/16 v1.2 Manage graphics extensions (HO)

(/usr/local/texlive/2017/texmf-dist/tex/generic/oberdiek/kvdefinekeys.sty
Package: kvdefinekeys 2016/05/16 v1.4 Define keys (HO)
))
(/usr/local/texlive/2017/texmf-dist/tex/latex/oberdiek/kvoptions.sty
Package: kvoptions 2016/05/16 v3.12 Key value format for package options (HO)

(/usr/local/texlive/2017/texmf-dist/tex/generic/oberdiek/kvsetkeys.sty
Package: kvsetkeys 2016/05/16 v1.17 Key value parser (HO)

(/usr/local/texlive/2017/texmf-dist/tex/generic/oberdiek/etexcmds.sty
Package: etexcmds 2016/05/16 v1.6 Avoid name clashes with e-TeX commands (HO)
Package etexcmds Info: Could not find \expanded.
(etexcmds)             That can mean that you are not using pdfTeX 1.50 or
(etexcmds)             that some package has redefined \expanded.
(etexcmds)             In the latter case, load this package earlier.
)))
Package epstopdf-base Info: Redefining graphics rule for `.eps' on input line 4
38.
Package grfext Info: Graphics extension search list:
(grfext)             [.png,.pdf,.jpg,.mps,.jpeg,.jbig2,.jb2,.PNG,.PDF,.JPG,.JPE
G,.JBIG2,.JB2,.eps]
(grfext)             \AppendGraphicsExtensions on input line 456.

(/usr/local/texlive/2017/texmf-dist/tex/latex/latexconfig/epstopdf-sys.cfg
File: epstopdf-sys.cfg 2010/07/13 v1.3 Configuration of (r)epstopdf for TeX Liv
e
))
LaTeX Font Info:    Try loading font information for U+msa on input line 38.

(/usr/local/texlive/2017/texmf-dist/tex/latex/amsfonts/umsa.fd
File: umsa.fd 2013/01/14 v3.01 AMS symbols A
)
LaTeX Font Info:    Try loading font information for U+msb on input line 38.

(/usr/local/texlive/2017/texmf-dist/tex/latex/amsfonts/umsb.fd
File: umsb.fd 2013/01/14 v3.01 AMS symbols B
)
Missing character: There is no ï in font cmr10!
Missing character: There is no ¿ in font cmr10!
Missing character: There is no ½ in font cmr10!
Missing character: There is no ï in font cmr10!
Missing character: There is no ¿ in font cmr10!
Missing character: There is no ½ in font cmr10!
Missing character: There is no ï in font cmr10!
Missing character: There is no ¿ in font cmr10!
Missing character: There is no ½ in font cmr10!
Missing character: There is no ï in font cmr10!
Missing character: There is no ¿ in font cmr10!
Missing character: There is no ½ in font cmr10!
Missing character: There is no ï in font cmr10!
Missing character: There is no ¿ in font cmr10!
Missing character: There is no ½ in font cmr10!
Missing character: There is no ï in font cmr10!
Missing character: There is no ¿ in font cmr10!
Missing character: There is no ½ in font cmr10!
Missing character: There is no ï in font cmr10!
Missing character: There is no ¿ in font cmr10!
Missing character: There is no ½ in font cmr10!
LaTeX Font Info:    Try loading font information for OMS+cmr on input line 60.

(/usr/local/texlive/2017/texmf-dist/tex/latex/base/omscmr.fd
File: omscmr.fd 2014/09/29 v2.5h Standard LaTeX font definitions
)
LaTeX Font Info:    Font shape `OMS/cmr/m/n' in size <10> not available
(Font)              Font shape `OMS/cmsy/m/n' tried instead on input line 60.
 [1{/usr/local/texlive/2017/texmf-var/fonts/map/pdftex/updmap/pdftex.map}

] (./prob1a.tex

LaTeX Warning: File `ER diagram.jpg' not found on input line 1.

<ER diagram.jpg, id=11, 671.00688pt x 419.06563pt>
File: ER diagram.jpg Graphic file (type jpg)
 <use ER diagram.jpg>
Package pdftex.def Info: ER diagram.jpg used on input line 1.
(pdftex.def)             Requested size: 433.62035pt x 289.07886pt.
)
Overfull \hbox (43.05995pt too wide) in paragraph at lines 69--70
\OT1/cmr/m/n/10 diagram.jpg []
 []


Underfull \hbox (badness 10000) in paragraph at lines 69--70

 []

[2

 <./ER diagram.jpg>] (./prob1b.tex
Underfull \hbox (badness 10000) in paragraph at lines 71--5

 []

)
Underfull \hbox (badness 10000) in paragraph at lines 6--72

 []

[3

] (./prob1c.tex)
Underfull \hbox (badness 10000) in paragraph at lines 73--74

 []

[4

] [5

]
Missing character: There is no ï in font cmr10!
Missing character: There is no ¿ in font cmr10!
Missing character: There is no ½ in font cmr10!
Missing character: There is no ï in font cmr10!
Missing character: There is no ¿ in font cmr10!
Missing character: There is no ½ in font cmr10!
 (./prob3a.tex)
Underfull \hbox (badness 10000) in paragraph at lines 98--99

 []

[6

] (./prob3b.tex
Underfull \hbox (badness 10000) in paragraph at lines 100--7

 []


Underfull \hbox (badness 10000) in paragraph at lines 100--7

 []


Underfull \hbox (badness 10000) in paragraph at lines 100--7

 []

) [7

]
Missing character: There is no ï in font cmr10!
Missing character: There is no ¿ in font cmr10!
Missing character: There is no ½ in font cmr10!
 (./prob3c.tex
Underfull \hbox (badness 10000) in paragraph at lines 102--21

 []

) [8

] (./prob3d.tex)
Overfull \hbox (5.19058pt too wide) in paragraph at lines 104--105
\OT1/cmr/m/n/10 100.0%, ABC223 100.0%, ABC225 100.0%, ABC231 100.0%, ABC233 100
.0%, ABC244 100.0%, ABC249
 []


Overfull \hbox (5.19058pt too wide) in paragraph at lines 104--105
\OT1/cmr/m/n/10 100.0%, ABC250 100.0%, ABC252 100.0%, ABC255 100.0%, ABC256 100
.0%, ABC258 100.0%, ABC259
 []


Overfull \hbox (5.19058pt too wide) in paragraph at lines 104--105
\OT1/cmr/m/n/10 100.0%, ABC260 100.0%, ABC302 100.0%, ABC303 100.0%, ABC311 100
.0%, ABC313 100.0%, ABC315
 []


Overfull \hbox (5.19058pt too wide) in paragraph at lines 104--105
\OT1/cmr/m/n/10 100.0%, ABC317 100.0%, ABC318 100.0%, ABC321 100.0%, ABC323 100
.0%, ABC326 100.0%, ABC327
 []


Overfull \hbox (5.19058pt too wide) in paragraph at lines 104--105
\OT1/cmr/m/n/10 100.0%, ABC328 100.0%, ABC333 100.0%, ABC334 100.0%, ABC340 100
.0%, ABC341 100.0%, ABC342
 []


Overfull \hbox (5.19058pt too wide) in paragraph at lines 104--105
\OT1/cmr/m/n/10 100.0%, ABC343 100.0%, ABC345 100.0%, ABC346 100.0%, ABC349 100
.0%, ABC351 100.0%, ABC352
 []


Overfull \hbox (5.19058pt too wide) in paragraph at lines 104--105
\OT1/cmr/m/n/10 100.0%, ABC353 100.0%, ABC357 100.0%, ABC358 100.0%, ABC359 100
.0%, ABC361 100.0%, ABC362
 []


Overfull \hbox (5.19058pt too wide) in paragraph at lines 104--105
\OT1/cmr/m/n/10 100.0%, ABC364 100.0%, ABC368 100.0%, ABC369 100.0%, ABC372 100
.0%, ABC373 100.0%, ABC374
 []


Overfull \hbox (1.02394pt too wide) in paragraph at lines 104--105
\OT1/cmr/m/n/10 100.0%, ABC377 100.0%, DEF105 100.0%, DEF202 100.0%, DEF213 100
.0%, DEF216 100.0%, DEF217
 []


Overfull \hbox (0.19061pt too wide) in paragraph at lines 104--105
\OT1/cmr/m/n/10 100.0%, DEF218 100.0%, DEF224 100.0%, DEF236 100.0%, DEF237 100
.0%, DEF240 100.0%, DEF255
 []


Overfull \hbox (0.19061pt too wide) in paragraph at lines 104--105
\OT1/cmr/m/n/10 100.0%, DEF260 100.0%, DEF272 100.0%, DEF278 100.0%, DEF282 100
.0%, DEF288 100.0%, DEF292
 []


Overfull \hbox (0.19061pt too wide) in paragraph at lines 104--105
\OT1/cmr/m/n/10 100.0%, DEF293 100.0%, DEF295 100.0%, DEF298 100.0%, DEF302 100
.0%, DEF303 100.0%, DEF304
 []


Overfull \hbox (0.19061pt too wide) in paragraph at lines 104--105
\OT1/cmr/m/n/10 100.0%, DEF305 100.0%, DEF306 100.0%, DEF307 100.0%, DEF310 100
.0%, DEF313 100.0%, DEF314
 []


Overfull \hbox (0.19061pt too wide) in paragraph at lines 104--105
\OT1/cmr/m/n/10 100.0%, DEF316 100.0%, DEF319 100.0%, DEF320 100.0%, DEF322 100
.0%, DEF323 100.0%, DEF324
 []


Overfull \hbox (0.19061pt too wide) in paragraph at lines 104--105
\OT1/cmr/m/n/10 100.0%, DEF325 100.0%, DEF328 100.0%, DEF329 100.0%, DEF330 100
.0%, DEF332 100.0%, DEF333
 []


Overfull \hbox (0.19061pt too wide) in paragraph at lines 104--105
\OT1/cmr/m/n/10 100.0%, DEF337 100.0%, DEF338 100.0%, DEF339 100.0%, DEF341 100
.0%, DEF343 100.0%, DEF345
 []


Overfull \hbox (0.19061pt too wide) in paragraph at lines 104--105
\OT1/cmr/m/n/10 100.0%, DEF348 100.0%, DEF349 100.0%, DEF351 100.0%, DEF352 100
.0%, DEF353 100.0%, DEF354
 []


Overfull \hbox (0.19061pt too wide) in paragraph at lines 104--105
\OT1/cmr/m/n/10 100.0%, DEF355 100.0%, DEF362 100.0%, DEF363 100.0%, DEF364 100
.0%, DEF365 100.0%, DEF366
 []


Overfull \hbox (0.19061pt too wide) in paragraph at lines 104--105
\OT1/cmr/m/n/10 100.0%, DEF368 100.0%, DEF369 100.0%, DEF375 100.0%, DEF376 100
.0%, DEF378 100.0%, DEF380
 []


Overfull \hbox (0.19061pt too wide) in paragraph at lines 104--105
\OT1/cmr/m/n/10 100.0%, DEF381 100.0%, DEF382 100.0%, DEF386 100.0%, DEF387 100
.0%, DEF388 100.0%, DEF390
 []


Overfull \hbox (0.19061pt too wide) in paragraph at lines 104--105
\OT1/cmr/m/n/10 100.0%, DEF393 100.0%, DEF397 100.0%, DEF398 100.0%, DEF401 100
.0%, DEF403 100.0%, DEF404
 []


Overfull \hbox (0.19061pt too wide) in paragraph at lines 104--105
\OT1/cmr/m/n/10 100.0%, DEF408 100.0%, DEF410 100.0%, DEF411 100.0%, DEF412 100
.0%, DEF414 100.0%, DEF415
 []


Overfull \hbox (0.19061pt too wide) in paragraph at lines 104--105
\OT1/cmr/m/n/10 100.0%, DEF419 100.0%, DEF420 100.0%, DEF422 100.0%, DEF423 100
.0%, DEF424 100.0%, DEF425
 []

[9

] (./prob3e.tex)
Underfull \hbox (badness 10000) in paragraph at lines 106--107

 []

[10

] (./prob3f.tex)
Underfull \hbox (badness 10000) in paragraph at lines 108--109

 []


Underfull \hbox (badness 10000) in paragraph at lines 108--109

 []


Underfull \hbox (badness 10000) in paragraph at lines 108--109

 []

[11

] (./prob3g.tex)
Underfull \hbox (badness 10000) in paragraph at lines 110--111

 []

[12

] (./prob3h.tex)
Underfull \hbox (badness 10000) in paragraph at lines 112--113

 []

[13

] [14

] (./prob5a.tex)
Underfull \hbox (badness 10000) in paragraph at lines 127--128

 []


Underfull \hbox (badness 10000) in paragraph at lines 127--128

 []


Underfull \hbox (badness 10000) in paragraph at lines 127--128

 []


Underfull \hbox (badness 10000) in paragraph at lines 127--128

 []


Underfull \hbox (badness 10000) in paragraph at lines 127--128

 []


Underfull \hbox (badness 10000) in paragraph at lines 127--128

 []


Underfull \hbox (badness 10000) in paragraph at lines 127--128

 []


Underfull \hbox (badness 10000) in paragraph at lines 127--128

 []


Underfull \hbox (badness 10000) in paragraph at lines 127--128

 []


Underfull \hbox (badness 10000) in paragraph at lines 127--128

 []


Underfull \hbox (badness 10000) in paragraph at lines 127--128

 []


Underfull \hbox (badness 10000) in paragraph at lines 127--128

 []


Underfull \hbox (badness 10000) in paragraph at lines 127--128

 []


Underfull \hbox (badness 10000) in paragraph at lines 127--128

 []


Underfull \hbox (badness 10000) in paragraph at lines 127--128

 []


Underfull \hbox (badness 10000) in paragraph at lines 127--128

 []


Underfull \hbox (badness 10000) in paragraph at lines 127--128

 []


Underfull \hbox (badness 10000) in paragraph at lines 127--128

 []


Underfull \hbox (badness 10000) in paragraph at lines 127--128

 []

[15

] (./prob5b.tex) [16

] 
AED: lastpage setting LastPage
(./Homework4.aux) ) 
Here is how much of TeX's memory you used:
 3385 strings out of 492995
 46493 string characters out of 6132704
 123292 words of memory out of 5000000
 6845 multiletter control sequences out of 15000+600000
 11196 words of font info for 44 fonts, out of 8000000 for 9000
 1141 hyphenation exceptions out of 8191
 39i,10n,43p,811b,364s stack positions out of 5000i,500n,10000p,200000b,80000s
</usr/local/texlive/2017/texmf-dist/fonts/type1/public/amsfo
nts/cm/cmbx10.pfb></usr/local/texlive/2017/texmf-dist/fonts/type1/public/amsfon
ts/cm/cmbx12.pfb></usr/local/texlive/2017/texmf-dist/fonts/type1/public/amsfont
s/cm/cmr10.pfb></usr/local/texlive/2017/texmf-dist/fonts/type1/public/amsfonts/
cm/cmr12.pfb></usr/local/texlive/2017/texmf-dist/fonts/type1/public/amsfonts/cm
/cmr17.pfb></usr/local/texlive/2017/texmf-dist/fonts/type1/public/amsfonts/cm/c
mr8.pfb></usr/local/texlive/2017/texmf-dist/fonts/type1/public/amsfonts/cm/cmsy
10.pfb>
Output written on Homework4.pdf (16 pages, 182904 bytes).
PDF statistics:
 85 PDF objects out of 1000 (max. 8388607)
 58 compressed objects within 1 object stream
 0 named destinations out of 1000 (max. 500000)
 6 words of extra memory for PDF output out of 10000 (max. 10000000)

